<?xml version="1.0" encoding="UTF-8"?>
<!-- Generated by org.testng.reporters.JUnitXMLReporter -->
<testsuite hostname="DESKTOP-HAMAA1I" name="Test" tests="8" failures="0" timestamp="2 Jun 2018 15:47:32 GMT" time="0.055" errors="0">
  <testcase name="modifyCust" time="0.011" classname="com.test.practice.Grouping.Test1"/>
  <testcase name="verifyErrors" time="0.002" classname="com.test.practice.Grouping.Test1"/>
  <testcase name="DeleteCust" time="0.002" classname="com.test.practice.Grouping.Test1"/>
  <testcase name="CreateCust" time="0.002" classname="com.test.practice.Grouping.Test1"/>
  <testcase name="CreateTasks" time="0.001" classname="com.test.practice.Grouping.Test2"/>
  <testcase name="DeleteTasks" time="0.002" classname="com.test.practice.Grouping.Test2"/>
  <testcase name="modifyTasks" time="0.002" classname="com.test.practice.Grouping.Test2"/>
  <testcase name="verifyErrors" time="0.002" classname="com.test.practice.Grouping.Test2"/>
</testsuite> <!-- Test -->
