<?xml version="1.0" encoding="UTF-8"?>
<!-- Generated by org.testng.reporters.JUnitXMLReporter -->
<testsuite hostname="DESKTOP-HAMAA1I" name="Default test" tests="4" failures="0" timestamp="2 Jun 2018 15:46:01 GMT" time="0.038" errors="0">
  <testcase name="modifyCust" time="0.01" classname="com.test.practice.Grouping.Test1"/>
  <testcase name="verifyErrors" time="0.002" classname="com.test.practice.Grouping.Test1"/>
  <testcase name="DeleteCust" time="0.002" classname="com.test.practice.Grouping.Test1"/>
  <testcase name="CreateCust" time="0.004" classname="com.test.practice.Grouping.Test1"/>
</testsuite> <!-- Default test -->
